TN:
SF:src/common.js
FNF:0
FNH:0
DA:1,1
DA:2,1
DA:3,1
DA:4,1
DA:5,1
DA:6,1
DA:7,1
DA:8,1
DA:9,1
DA:10,1
DA:11,1
DA:12,1
DA:13,1
DA:14,1
DA:15,1
DA:16,1
DA:17,1
DA:18,1
DA:19,1
DA:20,1
DA:21,1
DA:22,1
DA:23,1
DA:24,1
DA:25,1
DA:26,1
DA:27,1
DA:28,1
DA:29,1
DA:30,1
DA:31,1
DA:32,1
DA:33,1
DA:34,1
DA:35,1
DA:36,1
LF:36
LH:36
BRDA:1,0,0,1
BRF:1
BRH:1
end_of_record
TN:
SF:src/lib/arr2obj.js
FN:7,arr2obj
FNF:1
FNH:1
FNDA:3,arr2obj
DA:1,1
DA:2,1
DA:3,1
DA:4,1
DA:5,1
DA:6,1
DA:7,1
DA:8,3
DA:9,1
DA:10,1
DA:11,2
DA:12,2
DA:13,3
DA:14,4
DA:15,4
DA:16,2
DA:17,2
DA:18,4
DA:19,2
DA:20,3
LF:20
LH:20
BRDA:1,0,0,1
BRDA:7,1,0,3
BRDA:8,2,0,1
BRDA:11,3,0,2
BRDA:13,4,0,4
BRDA:15,5,0,2
BRDA:19,6,0,2
BRF:7
BRH:7
end_of_record
TN:
SF:src/lib/check-array.js
FN:7,checkArray
FNF:1
FNH:1
FNDA:3,checkArray
DA:1,1
DA:2,1
DA:3,1
DA:4,1
DA:5,1
DA:6,1
DA:7,1
DA:8,3
DA:9,3
DA:10,1
DA:11,1
DA:12,2
DA:13,3
LF:13
LH:13
BRDA:1,0,0,1
BRDA:7,1,0,3
BRDA:9,2,0,1
BRDA:12,3,0,2
BRF:4
BRH:4
end_of_record
TN:
SF:src/lib/clone.js
FN:8,clone
FNF:1
FNH:1
FNDA:2,clone
DA:1,1
DA:2,1
DA:3,1
DA:4,1
DA:5,1
DA:6,1
DA:7,1
DA:8,1
DA:9,2
DA:10,1
DA:11,1
DA:12,1
DA:13,2
LF:13
LH:13
BRDA:1,0,0,1
BRDA:8,1,0,2
BRDA:9,2,0,1
BRF:3
BRH:3
end_of_record
TN:
SF:src/lib/copy-object.js
FN:6,copyObject
FNF:1
FNH:1
FNDA:2,copyObject
DA:1,1
DA:2,1
DA:3,1
DA:4,1
DA:5,1
DA:6,1
DA:7,2
DA:8,2
LF:8
LH:8
BRDA:1,0,0,1
BRDA:6,1,0,2
BRF:2
BRH:2
end_of_record
TN:
SF:src/lib/create-element.js
FN:7,createElement
FNF:1
FNH:1
FNDA:1,createElement
DA:1,1
DA:2,1
DA:3,1
DA:4,1
DA:5,1
DA:6,1
DA:7,1
DA:8,1
DA:9,1
DA:10,2
DA:11,1
DA:12,1
DA:13,1
DA:14,1
DA:15,1
DA:16,1
DA:17,2
DA:18,1
DA:19,1
LF:19
LH:19
BRDA:1,0,0,1
BRDA:7,1,0,1
BRDA:9,2,0,2
BRDA:10,3,0,1
BRF:4
BRH:4
end_of_record
TN:
SF:src/lib/debounce.js
FN:7,debounce
FNF:1
FNH:1
FNDA:1,debounce
DA:1,1
DA:2,1
DA:3,1
DA:4,1
DA:5,1
DA:6,1
DA:7,1
DA:8,1
DA:9,1
DA:10,10
DA:11,10
DA:12,1
DA:13,10
DA:14,10
DA:15,1
LF:15
LH:15
BRDA:1,0,0,1
BRDA:7,1,0,1
BRDA:9,2,0,10
BRDA:11,3,0,1
BRF:4
BRH:4
end_of_record
TN:
SF:src/lib/filter-props.js
FN:7,filterProps
FNF:1
FNH:1
FNDA:2,filterProps
DA:1,1
DA:2,1
DA:3,1
DA:4,1
DA:5,1
DA:6,1
DA:7,1
DA:8,2
DA:9,2
DA:10,6
DA:11,6
DA:12,2
DA:13,2
LF:13
LH:13
BRDA:1,0,0,1
BRDA:7,1,0,2
BRDA:8,2,0,1
BRDA:9,3,0,6
BRDA:10,4,0,5
BRDA:10,5,0,5
BRDA:11,6,0,2
BRDA:11,7,0,4
BRF:8
BRH:8
end_of_record
TN:
SF:src/lib/find-recursive.js
FN:9,findRecursive
FN:26,findInObject
FNF:2
FNH:2
FNDA:5,findRecursive
FNDA:27,findInObject
DA:1,1
DA:2,1
DA:3,1
DA:4,1
DA:5,1
DA:6,1
DA:7,1
DA:8,1
DA:9,1
DA:10,5
DA:11,10
DA:12,10
DA:13,3
DA:14,3
DA:15,10
DA:16,5
DA:17,1
DA:18,1
DA:19,1
DA:20,1
DA:21,1
DA:22,1
DA:23,1
DA:24,1
DA:25,1
DA:26,27
DA:27,27
DA:28,27
DA:29,39
DA:30,3
DA:31,3
DA:32,39
DA:33,17
DA:34,17
DA:35,4
DA:36,4
DA:37,17
DA:38,39
DA:39,27
LF:39
LH:39
BRDA:1,0,0,1
BRDA:9,1,0,5
BRDA:10,2,0,1
BRDA:10,3,0,10
BRDA:12,4,0,3
BRDA:16,5,0,2
BRDA:26,6,0,27
BRDA:28,7,0,39
BRDA:29,8,0,4
BRDA:29,9,0,2
BRDA:29,10,0,1
BRDA:29,11,0,3
BRDA:32,12,0,36
BRDA:32,13,0,17
BRDA:32,14,0,17
BRDA:34,15,0,4
BRDA:39,16,0,20
BRF:17
BRH:17
end_of_record
TN:
SF:src/lib/flatten-object.js
FN:7,_verify
FN:26,flattenObject
FNF:2
FNH:2
FNDA:13,_verify
FNDA:10,flattenObject
DA:1,1
DA:2,1
DA:3,1
DA:4,1
DA:5,1
DA:6,1
DA:7,13
DA:8,13
DA:9,13
DA:10,13
DA:11,13
DA:12,13
DA:13,13
DA:14,13
DA:15,13
DA:16,13
DA:17,13
DA:18,1
DA:19,1
DA:20,1
DA:21,1
DA:22,1
DA:23,1
DA:24,1
DA:25,1
DA:26,1
DA:27,10
DA:28,10
DA:29,13
DA:30,5
DA:31,7
DA:32,7
DA:33,13
DA:34,8
DA:35,8
DA:36,13
DA:37,10
DA:38,10
LF:38
LH:38
BRDA:1,0,0,1
BRDA:7,1,0,13
BRDA:26,2,0,10
BRDA:28,3,0,13
BRDA:29,4,0,5
BRDA:30,5,0,7
BRDA:33,6,0,8
BRF:7
BRH:7
end_of_record
TN:
SF:src/lib/form2qs.js
FN:7,form2qs
FNF:1
FNH:1
FNDA:2,form2qs
DA:1,1
DA:2,1
DA:3,1
DA:4,1
DA:5,1
DA:6,1
DA:7,1
DA:8,2
DA:9,2
DA:10,6
DA:11,6
DA:12,2
DA:13,2
LF:13
LH:13
BRDA:1,0,0,1
BRDA:7,1,0,2
BRDA:9,2,0,6
BRDA:12,3,0,1
BRDA:12,4,0,1
BRF:5
BRH:5
end_of_record
TN:
SF:src/lib/get-value-from-object.js
FN:8,getValueFromObject
FNF:1
FNH:1
FNDA:6,getValueFromObject
DA:1,1
DA:2,1
DA:3,1
DA:4,1
DA:5,1
DA:6,1
DA:7,1
DA:8,1
DA:9,6
DA:10,6
DA:11,6
DA:12,6
DA:13,6
DA:14,6
DA:15,6
DA:16,6
DA:17,15
DA:18,15
DA:19,1
DA:20,1
DA:21,14
DA:22,14
DA:23,15
DA:24,2
DA:25,2
DA:26,2
DA:27,15
DA:28,12
DA:29,12
DA:30,12
DA:31,15
DA:32,5
DA:33,5
DA:34,5
DA:35,6
LF:35
LH:35
BRDA:1,0,0,1
BRDA:8,1,0,6
BRDA:16,2,0,15
BRDA:18,3,0,1
BRDA:18,4,0,1
BRDA:21,5,0,14
BRDA:23,6,0,2
BRDA:23,7,0,2
BRDA:27,8,0,12
BRDA:32,9,0,5
BRF:10
BRH:10
end_of_record
TN:
SF:src/lib/is-plain-object.js
FN:10,isPlainObject
FNF:1
FNH:1
FNDA:8,isPlainObject
DA:1,1
DA:2,1
DA:3,1
DA:4,1
DA:5,1
DA:6,1
DA:7,1
DA:8,1
DA:9,1
DA:10,1
DA:11,8
DA:12,8
LF:12
LH:12
BRDA:1,0,0,1
BRDA:10,1,0,8
BRF:2
BRH:2
end_of_record
TN:
SF:src/lib/kebabify.js
FN:6,kebabify
FNF:1
FNH:1
FNDA:4,kebabify
DA:1,1
DA:2,1
DA:3,1
DA:4,1
DA:5,1
DA:6,1
DA:7,4
DA:8,4
DA:9,1
DA:10,1
DA:11,3
DA:12,4
LF:12
LH:12
BRDA:1,0,0,1
BRDA:6,1,0,4
BRDA:8,2,0,1
BRDA:11,3,0,3
BRDA:7,4,0,9
BRF:5
BRH:5
end_of_record
TN:
SF:src/lib/noop.js
FN:7,noop
FNF:1
FNH:1
FNDA:1,noop
DA:1,1
DA:2,1
DA:3,1
DA:4,1
DA:5,1
DA:6,1
DA:7,1
DA:8,1
DA:9,1
LF:9
LH:9
BRDA:1,0,0,1
BRDA:7,1,0,1
BRF:2
BRH:2
end_of_record
TN:
SF:src/lib/obj2style.js
FN:6,obj2style
FNF:1
FNH:1
FNDA:1,obj2style
DA:1,1
DA:2,1
DA:3,1
DA:4,1
DA:5,1
DA:6,1
DA:7,1
DA:8,1
DA:9,2
DA:10,2
DA:11,1
DA:12,1
LF:12
LH:12
BRDA:1,0,0,1
BRDA:6,1,0,1
BRDA:8,2,0,2
BRF:3
BRH:3
end_of_record
TN:
SF:src/lib/remove-link.js
FN:6,removeLink
FNF:1
FNH:1
FNDA:1,removeLink
DA:1,1
DA:2,1
DA:3,1
DA:4,1
DA:5,1
DA:6,1
DA:7,1
DA:8,1
DA:9,1
LF:9
LH:9
BRDA:1,0,0,1
BRDA:6,1,0,1
BRF:2
BRH:2
end_of_record
TN:
SF:src/lib/rnd.js
FN:6,rnd
FN:16,uuid
FNF:2
FNH:2
FNDA:1,rnd
FNDA:2,uuid
DA:1,1
DA:2,1
DA:3,1
DA:4,1
DA:5,1
DA:6,1
DA:7,1
DA:8,1
DA:9,1
DA:10,1
DA:11,1
DA:12,1
DA:13,1
DA:14,1
DA:15,1
DA:16,1
DA:17,1
DA:18,1
DA:19,2
DA:20,2
LF:20
LH:20
BRDA:1,0,0,1
BRDA:6,1,0,1
BRDA:16,2,0,2
BRDA:18,3,0,1
BRDA:19,4,0,1
BRDA:19,5,0,1
BRF:6
BRH:6
end_of_record
TN:
SF:src/lib/set-css-vars.js
FN:5,setCssVars
FNF:1
FNH:1
FNDA:1,setCssVars
DA:1,1
DA:2,1
DA:3,1
DA:4,1
DA:5,1
DA:6,1
DA:7,1
DA:8,2
DA:9,2
DA:10,1
LF:10
LH:10
BRDA:1,0,0,1
BRDA:5,1,0,1
BRDA:7,2,0,2
BRF:3
BRH:3
end_of_record
TN:
SF:src/lib/template.js
FN:14,template
FN:31,replacementFunction
FNF:2
FNH:2
FNDA:5,template
FNDA:7,replacementFunction
DA:1,1
DA:2,1
DA:3,1
DA:4,1
DA:5,1
DA:6,1
DA:7,1
DA:8,1
DA:9,1
DA:10,1
DA:11,1
DA:12,1
DA:13,1
DA:14,1
DA:15,5
DA:16,5
DA:17,5
DA:18,5
DA:19,5
DA:20,5
DA:21,5
DA:22,5
DA:23,5
DA:24,5
DA:25,5
DA:26,5
DA:27,5
DA:28,5
DA:29,5
DA:30,5
DA:31,5
DA:32,5
DA:33,5
DA:34,5
LF:34
LH:34
BRDA:1,0,0,1
BRDA:14,1,0,5
BRDA:20,2,0,1
BRDA:22,3,0,4
BRDA:22,4,0,1
BRDA:33,5,0,1
BRDA:31,6,0,7
BRDA:31,7,0,2
BRF:8
BRH:8
end_of_record
TN:
SF:src/lib/unique-words.js
FN:7,uniqueWords
FNF:1
FNH:1
FNDA:2,uniqueWords
DA:1,1
DA:2,1
DA:3,1
DA:4,1
DA:5,1
DA:6,1
DA:7,1
DA:8,2
DA:9,2
DA:10,8
DA:11,3
DA:12,9
DA:13,9
DA:14,3
DA:15,8
DA:16,2
DA:17,2
DA:18,2
LF:18
LH:18
BRDA:1,0,0,1
BRDA:7,1,0,2
BRDA:9,2,0,8
BRDA:10,3,0,3
BRDA:11,4,0,9
BRF:5
BRH:5
end_of_record
TN:
SF:src/lib/dom/data.js
FN:6,getData
FNF:1
FNH:1
FNDA:1,getData
DA:1,1
DA:2,1
DA:3,1
DA:4,1
DA:5,1
DA:6,1
DA:7,1
DA:8,1
DA:9,1
DA:10,1
DA:11,2
DA:12,2
DA:13,1
DA:14,1
DA:15,1
LF:15
LH:15
BRDA:1,0,0,1
BRDA:6,1,0,1
BRDA:10,2,0,2
BRF:3
BRH:3
end_of_record
TN:
SF:src/lib/parse/boolean.js
FN:7,parseBoolean
FNF:1
FNH:1
FNDA:7,parseBoolean
DA:1,1
DA:2,1
DA:3,1
DA:4,1
DA:5,1
DA:6,1
DA:7,1
DA:8,7
DA:9,2
DA:10,2
DA:11,5
DA:12,7
DA:13,7
LF:13
LH:13
BRDA:1,0,0,1
BRDA:7,1,0,7
BRDA:8,2,0,2
BRDA:11,3,0,5
BRDA:12,4,0,4
BRF:5
BRH:5
end_of_record
TN:
SF:src/lib/parse/number.js
FN:7,parseNumber
FNF:1
FNH:1
FNDA:5,parseNumber
DA:1,1
DA:2,1
DA:3,1
DA:4,1
DA:5,1
DA:6,1
DA:7,1
DA:8,5
DA:9,5
DA:10,1
DA:11,1
DA:12,4
DA:13,5
DA:14,1
DA:15,1
DA:16,3
DA:17,5
LF:17
LH:17
BRDA:1,0,0,1
BRDA:7,1,0,5
BRDA:9,2,0,1
BRDA:12,3,0,4
BRDA:13,4,0,1
BRDA:16,5,0,3
BRF:6
BRH:6
end_of_record
TN:
SF:src/lib/parse/parses.js
FN:9,parses
FNF:1
FNH:1
FNDA:2,parses
DA:1,1
DA:2,1
DA:3,1
DA:4,1
DA:5,1
DA:6,1
DA:7,1
DA:8,1
DA:9,1
DA:10,2
DA:11,2
DA:12,2
DA:13,2
DA:14,2
DA:15,2
LF:15
LH:15
BRDA:1,0,0,1
BRDA:9,1,0,2
BRF:2
BRH:2
end_of_record
TN:
SF:src/lib/storage/get.js
FN:7,getStorage
FNF:1
FNH:1
FNDA:5,getStorage
DA:1,1
DA:2,1
DA:3,1
DA:4,1
DA:5,1
DA:6,1
DA:7,1
DA:8,5
DA:9,5
LF:9
LH:9
BRDA:1,0,0,1
BRDA:7,1,0,5
BRF:2
BRH:2
end_of_record
TN:
SF:src/lib/storage/remove.js
FN:6,removeStorage
FNF:1
FNH:1
FNDA:2,removeStorage
DA:1,1
DA:2,1
DA:3,1
DA:4,1
DA:5,1
DA:6,1
DA:7,2
DA:8,2
LF:8
LH:8
BRDA:1,0,0,1
BRDA:6,1,0,2
BRF:2
BRH:2
end_of_record
TN:
SF:src/lib/storage/set.js
FN:7,setStorage
FNF:1
FNH:1
FNDA:2,setStorage
DA:1,1
DA:2,1
DA:3,1
DA:4,1
DA:5,1
DA:6,1
DA:7,1
DA:8,2
DA:9,2
DA:10,2
DA:11,2
LF:11
LH:11
BRDA:1,0,0,1
BRDA:7,1,0,2
BRF:2
BRH:2
end_of_record
TN:
SF:src/lib/url/full-url.js
FN:9,fullURL
FNF:1
FNH:1
FNDA:3,fullURL
DA:1,1
DA:2,1
DA:3,1
DA:4,1
DA:5,1
DA:6,1
DA:7,1
DA:8,1
DA:9,1
DA:10,3
DA:11,3
DA:12,3
DA:13,3
DA:14,3
DA:15,3
DA:16,5
DA:17,4
DA:18,4
DA:19,5
DA:20,3
DA:21,3
LF:21
LH:21
BRDA:1,0,0,1
BRDA:9,1,0,3
BRDA:12,2,0,2
BRDA:12,3,0,1
BRDA:13,4,0,2
BRDA:13,5,0,1
BRDA:15,6,0,5
BRDA:16,7,0,4
BRF:8
BRH:8
end_of_record
TN:
SF:src/lib/url/get-url.js
FN:7,getURL
FNF:1
FNH:1
FNDA:1,getURL
DA:1,1
DA:2,1
DA:3,1
DA:4,1
DA:5,1
DA:6,1
DA:7,1
DA:8,1
DA:9,1
DA:10,1
LF:10
LH:10
BRDA:1,0,0,1
BRDA:7,1,0,1
BRF:2
BRH:2
end_of_record
TN:
SF:src/lib/url/params.js
FN:6,params
FNF:1
FNH:1
FNDA:1,params
DA:1,1
DA:2,1
DA:3,1
DA:4,1
DA:5,1
DA:6,1
DA:7,1
DA:8,1
DA:9,1
DA:10,1
LF:10
LH:10
BRDA:1,0,0,1
BRDA:6,1,0,1
BRF:2
BRH:2
end_of_record
TN:
SF:src/lib/url/prop.js
FN:8,getProp
FNF:1
FNH:1
FNDA:1,getProp
DA:1,1
DA:2,1
DA:3,1
DA:4,1
DA:5,1
DA:6,1
DA:7,1
DA:8,1
DA:9,1
DA:10,1
LF:10
LH:10
BRDA:1,0,0,1
BRDA:8,1,0,1
BRF:2
BRH:2
end_of_record
TN:
SF:src/lib/url/qs.js
FN:6,qs
FNF:1
FNH:1
FNDA:2,qs
DA:1,1
DA:2,1
DA:3,1
DA:4,1
DA:5,1
DA:6,1
DA:7,2
DA:8,2
DA:9,2
DA:10,3
DA:11,3
DA:12,2
DA:13,2
LF:13
LH:13
BRDA:1,0,0,1
BRDA:6,1,0,2
BRDA:7,2,0,1
BRDA:9,3,0,3
BRF:4
BRH:4
end_of_record
